Updated on Thu Mar  5 01:42:14 UTC 2026
Updated on Fri Mar  6 01:44:08 UTC 2026
Updated on Sat Mar  7 01:25:32 UTC 2026
Updated on Sun Mar  8 01:42:42 UTC 2026
Updated on Mon Mar  9 01:44:05 UTC 2026
Updated on Tue Mar 10 01:26:04 UTC 2026
Updated on Wed Mar 11 01:26:04 UTC 2026
Updated on Thu Mar 12 01:26:01 UTC 2026
Updated on Fri Mar 13 01:41:33 UTC 2026
Updated on Sat Mar 14 01:27:33 UTC 2026
Updated on Sun Mar 15 01:54:00 UTC 2026
Updated on Mon Mar 16 01:55:22 UTC 2026
Updated on Tue Mar 17 01:43:31 UTC 2026
Updated on Wed Mar 18 01:48:11 UTC 2026
Updated on Thu Mar 19 01:48:30 UTC 2026
Updated on Fri Mar 20 01:43:11 UTC 2026
Updated on Sat Mar 21 01:26:19 UTC 2026
Updated on Sun Mar 22 01:47:48 UTC 2026
Updated on Mon Mar 23 01:49:11 UTC 2026
Updated on Tue Mar 24 01:29:06 UTC 2026
Updated on Wed Mar 25 01:46:54 UTC 2026
Updated on Thu Mar 26 01:52:47 UTC 2026
Updated on Fri Mar 27 01:53:16 UTC 2026
Updated on Sat Mar 28 01:45:16 UTC 2026
Updated on Sun Mar 29 01:56:03 UTC 2026
Updated on Mon Mar 30 01:58:27 UTC 2026
Updated on Tue Mar 31 01:54:23 UTC 2026
Updated on Wed Apr  1 02:02:51 UTC 2026
Updated on Thu Apr  2 01:50:56 UTC 2026
Updated on Fri Apr  3 01:52:08 UTC 2026
Updated on Sat Apr  4 01:45:40 UTC 2026
Updated on Sun Apr  5 01:58:07 UTC 2026
Updated on Mon Apr  6 01:59:14 UTC 2026
Updated on Tue Apr  7 01:55:21 UTC 2026
Updated on Wed Apr  8 01:55:59 UTC 2026
